<?xml version="1.0" encoding="UTF-8"?>
<Site BuildName="Linux-g++"
	BuildStamp="20230928-1126-Experimental"
	Name="emeraldsplash"
	Generator="ctest-3.27.2"
	CompilerName="/usr/bin/g++"
	CompilerVersion="13.2.1"
	OSName="Linux"
	Hostname="emeraldsplash"
	OSRelease="6.5.3-1-default"
	OSVersion="#1 SMP PREEMPT_DYNAMIC Thu Sep 14 08:46:53 UTC 2023 (786e0d6)"
	OSPlatform="x86_64"
	Is64Bits="1"
	VendorString="AuthenticAMD"
	VendorID="Advanced Micro Devices"
	FamilyID="23"
	ModelID="113"
	ProcessorCacheSize="512"
	NumberOfLogicalCPU="16"
	NumberOfPhysicalCPU="8"
	TotalVirtualMemory="2046"
	TotalPhysicalMemory="31984"
	LogicalProcessorsPerPhysical="2"
	ProcessorClockFrequency="4192.02"
	>
	<Testing>
		<StartDateTime>Sep 28 22:10 CEST</StartDateTime>
		<StartTestTime>1695931812</StartTestTime>
		<TestList/>
		<EndDateTime>Sep 28 22:10 CEST</EndDateTime>
		<EndTestTime>1695931812</EndTestTime>
		<ElapsedMinutes>0</ElapsedMinutes>
	</Testing>
</Site>
