<?xml version="1.0" encoding="UTF-8"?>
<Site BuildName="Linux-g++"
	BuildStamp="20230929-2035-Experimental"
	Name="emeraldsplash"
	Generator="ctest-3.27.2"
	CompilerName="/usr/bin/g++"
	CompilerVersion="13.2.1"
	OSName="Linux"
	Hostname="emeraldsplash"
	OSRelease="6.5.4-1-default"
	OSVersion="#1 SMP PREEMPT_DYNAMIC Wed Sep 20 05:07:04 UTC 2023 (fdd7e9e)"
	OSPlatform="x86_64"
	Is64Bits="1"
	VendorString="AuthenticAMD"
	VendorID="Advanced Micro Devices"
	FamilyID="23"
	ModelID="113"
	ProcessorCacheSize="512"
	NumberOfLogicalCPU="16"
	NumberOfPhysicalCPU="8"
	TotalVirtualMemory="2046"
	TotalPhysicalMemory="31987"
	LogicalProcessorsPerPhysical="2"
	ProcessorClockFrequency="4192.49"
	>
	<Testing>
		<StartDateTime>Sep 29 22:48 CEST</StartDateTime>
		<StartTestTime>1696020488</StartTestTime>
		<TestList/>
		<EndDateTime>Sep 29 22:48 CEST</EndDateTime>
		<EndTestTime>1696020488</EndTestTime>
		<ElapsedMinutes>0</ElapsedMinutes>
	</Testing>
</Site>
